<?xml version="1.0" encoding="UTF-8"?>
<testsuite xmlns:xsi="http://www.w3.org/2001/XMLSchema-instance" xsi:noNamespaceSchemaLocation="https://maven.apache.org/surefire/maven-surefire-plugin/xsd/surefire-test-report.xsd" version="3.0.2" name="kz.yandex.yandexreportservice.YandexReportServiceApplicationTests" time="1.034" tests="1" errors="0" skipped="0" failures="0">
  <properties>
[...]
</properties>
  <testcase name="contextLoads" classname="kz.yandex.yandexreportservice.YandexReportServiceApplicationTests" time="0.346">
    <system-out><![CDATA[21:18:03.243 [main] INFO org.springframework.test.context.support.AnnotationConfigContextLoaderUtils -- Could not detect default configuration classes for test class [kz.yandex.yandexreportservice.YandexReportServiceApplicationTests]: YandexReportServiceApplicationTests does not declare any static, non-private, non-final, nested classes annotated with @Configuration.
21:18:03.286 [main] INFO org.springframework.boot.test.context.SpringBootTestContextBootstrapper -- Found @SpringBootConfiguration kz.yandex.yandexreportservice.YandexReportServiceApplication for test class kz.yandex.yandexreportservice.YandexReportServiceApplicationTests

  .   ____          _            __ _ _
 /\\ / ___'_ __ _ _(_)_ __  __ _ \ \ \ \
( ( )\___ | '_ | '_| | '_ \/ _` | \ \ \ \
 \\/  ___)| |_)| | | | | || (_| |  ) ) ) )
  '  |____| .__|_| |_|_| |_\__, | / / / /
 =========|_|==============|___/=/_/_/_/

 :: Spring Boot ::                (v3.4.3)

2025-03-16T21:18:03.424+05:00  INFO 2915 --- [yandex-report-service] [           main] .y.y.YandexReportServiceApplicationTests : Starting YandexReportServiceApplicationTests using Java 21.0.3 with PID 2915 (started by abosyaka in /Users/abosyaka/Desktop/practicum/architecture-sprint-8/architecture-sprint-8/yandex-report-service)
2025-03-16T21:18:03.424+05:00  INFO 2915 --- [yandex-report-service] [           main] .y.y.YandexReportServiceApplicationTests : No active profile set, falling back to 1 default profile: "default"
2025-03-16T21:18:03.865+05:00  INFO 2915 --- [yandex-report-service] [           main] .y.y.YandexReportServiceApplicationTests : Started YandexReportServiceApplicationTests in 0.53 seconds (process running for 0.867)
]]></system-out>
    <system-err><![CDATA[Mockito is currently self-attaching to enable the inline-mock-maker. This will no longer work in future releases of the JDK. Please add Mockito as an agent to your build what is described in Mockito's documentation: https://javadoc.io/doc/org.mockito/mockito-core/latest/org/mockito/Mockito.html#0.3
WARNING: A Java agent has been loaded dynamically (/Users/abosyaka/.m2/repository/net/bytebuddy/byte-buddy-agent/1.15.11/byte-buddy-agent-1.15.11.jar)
WARNING: If a serviceability tool is in use, please run with -XX:+EnableDynamicAgentLoading to hide this warning
WARNING: If a serviceability tool is not in use, please run with -Djdk.instrument.traceUsage for more information
WARNING: Dynamic loading of agents will be disallowed by default in a future release
]]></system-err>
  </testcase>
</testsuite>